Build started 2022-01-18 오후 4:13:18.
     1>Project "C:\Users\Home\Desktop\가족\나\학교\2020-1학기\네트워크 프로그래밍\과제 및 시험\숙제3_15011056_최원민\숙제3 SERVER\server\server.vcxproj" on node 2 (build target(s)).
     1>InitializeBuildStatus:
         Creating "Debug\server.unsuccessfulbuild" because "AlwaysCreate" was specified.
       ClCompile:
         C:\Program Files (x86)\Microsoft Visual Studio 10.0\VC\bin\CL.exe /c /ZI /nologo /W3 /WX- /Od /Oy- /D WIN32 /D _DEBUG /D _CONSOLE /D _MBCS /Gm /EHsc /RTC1 /MDd /GS /fp:precise /Zc:wchar_t /Zc:forScope /Fo"Debug\\" /Fd"Debug\vc100.pdb" /Gd /TP /analyze- /errorReport:prompt server.cpp
         server.cpp
     1>c:\users\home\desktop\가족\나\학교\2020-1학기\네트워크 프로그래밍\과제 및 시험\숙제3_15011056_최원민\숙제3 server\server\server.cpp(248): warning C4996: 'sprintf': This function or variable may be unsafe. Consider using sprintf_s instead. To disable deprecation, use _CRT_SECURE_NO_WARNINGS. See online help for details.
                 c:\program files (x86)\microsoft visual studio 10.0\vc\include\stdio.h(371) : see declaration of 'sprintf'
     1>c:\users\home\desktop\가족\나\학교\2020-1학기\네트워크 프로그래밍\과제 및 시험\숙제3_15011056_최원민\숙제3 server\server\server.cpp(262): warning C4996: 'sprintf': This function or variable may be unsafe. Consider using sprintf_s instead. To disable deprecation, use _CRT_SECURE_NO_WARNINGS. See online help for details.
                 c:\program files (x86)\microsoft visual studio 10.0\vc\include\stdio.h(371) : see declaration of 'sprintf'
     1>c:\users\home\desktop\가족\나\학교\2020-1학기\네트워크 프로그래밍\과제 및 시험\숙제3_15011056_최원민\숙제3 server\server\server.cpp(326): warning C4996: 'sprintf': This function or variable may be unsafe. Consider using sprintf_s instead. To disable deprecation, use _CRT_SECURE_NO_WARNINGS. See online help for details.
                 c:\program files (x86)\microsoft visual studio 10.0\vc\include\stdio.h(371) : see declaration of 'sprintf'
     1>c:\users\home\desktop\가족\나\학교\2020-1학기\네트워크 프로그래밍\과제 및 시험\숙제3_15011056_최원민\숙제3 server\server\server.cpp(339): warning C4996: 'sprintf': This function or variable may be unsafe. Consider using sprintf_s instead. To disable deprecation, use _CRT_SECURE_NO_WARNINGS. See online help for details.
                 c:\program files (x86)\microsoft visual studio 10.0\vc\include\stdio.h(371) : see declaration of 'sprintf'
     1>c:\users\home\desktop\가족\나\학교\2020-1학기\네트워크 프로그래밍\과제 및 시험\숙제3_15011056_최원민\숙제3 server\server\server.cpp(391): warning C4996: 'strcpy': This function or variable may be unsafe. Consider using strcpy_s instead. To disable deprecation, use _CRT_SECURE_NO_WARNINGS. See online help for details.
                 c:\program files (x86)\microsoft visual studio 10.0\vc\include\string.h(105) : see declaration of 'strcpy'
     1>c:\users\home\desktop\가족\나\학교\2020-1학기\네트워크 프로그래밍\과제 및 시험\숙제3_15011056_최원민\숙제3 server\server\server.cpp(412): warning C4996: 'strcpy': This function or variable may be unsafe. Consider using strcpy_s instead. To disable deprecation, use _CRT_SECURE_NO_WARNINGS. See online help for details.
                 c:\program files (x86)\microsoft visual studio 10.0\vc\include\string.h(105) : see declaration of 'strcpy'
       ManifestResourceCompile:
         C:\Program Files (x86)\Microsoft SDKs\Windows\v7.0A\bin\rc.exe /nologo /fo"Debug\server.exe.embed.manifest.res" Debug\server_manifest.rc 
       Link:
         C:\Program Files (x86)\Microsoft Visual Studio 10.0\VC\bin\link.exe /ERRORREPORT:PROMPT /OUT:"C:\Users\Home\Desktop\가족\나\학교\2020-1학기\네트워크 프로그래밍\과제 및 시험\숙제3_15011056_최원민\숙제3 SERVER\Debug\server.exe" /INCREMENTAL /NOLOGO kernel32.lib user32.lib gdi32.lib winspool.lib comdlg32.lib advapi32.lib shell32.lib ole32.lib oleaut32.lib uuid.lib odbc32.lib odbccp32.lib /MANIFEST /ManifestFile:"Debug\server.exe.intermediate.manifest" /MANIFESTUAC:"level='asInvoker' uiAccess='false'" /DEBUG /PDB:"C:\Users\Home\Desktop\가족\나\학교\2020-1학기\네트워크 프로그래밍\과제 및 시험\숙제3_15011056_최원민\숙제3 SERVER\Debug\server.pdb" /SUBSYSTEM:CONSOLE /TLBID:1 /DYNAMICBASE /NXCOMPAT /IMPLIB:"C:\Users\Home\Desktop\가족\나\학교\2020-1학기\네트워크 프로그래밍\과제 및 시험\숙제3_15011056_최원민\숙제3 SERVER\Debug\server.lib" /MACHINE:X86 Debug\server.exe.embed.manifest.res
         Debug\server.obj
       Manifest:
         C:\Program Files (x86)\Microsoft SDKs\Windows\v7.0A\bin\mt.exe /nologo /verbose /out:"Debug\server.exe.embed.manifest" /manifest Debug\server.exe.intermediate.manifest
         All outputs are up-to-date.
       LinkEmbedManifest:
         All outputs are up-to-date.
         server.vcxproj -> C:\Users\Home\Desktop\가족\나\학교\2020-1학기\네트워크 프로그래밍\과제 및 시험\숙제3_15011056_최원민\숙제3 SERVER\Debug\server.exe
       FinalizeBuildStatus:
         Deleting file "Debug\server.unsuccessfulbuild".
         Touching "Debug\server.lastbuildstate".
     1>Done Building Project "C:\Users\Home\Desktop\가족\나\학교\2020-1학기\네트워크 프로그래밍\과제 및 시험\숙제3_15011056_최원민\숙제3 SERVER\server\server.vcxproj" (build target(s)).

Build succeeded.

Time Elapsed 00:00:01.14
